00:29:05.682  INFO [main] b.c.d.DonusChallengeApplication:55 - Starting DonusChallengeApplication on msilvadev with PID 18224 (/home/msilvadev/Documents/workspace/donus-code-challenge/target/classes started by msilvadev in /home/msilvadev/Documents/workspace/donus-code-challenge)
00:29:05.697  INFO [main] b.c.d.DonusChallengeApplication:655 - The following profiles are active: dev
00:29:08.691  WARN [main] o.s.b.a.o.j.JpaBaseConfiguration$JpaWebConfiguration:220 - spring.jpa.open-in-view is enabled by default. Therefore, database queries may be performed during view rendering. Explicitly configure spring.jpa.open-in-view to disable this warning
00:29:10.867  INFO [main] b.c.d.DonusChallengeApplication:61 - Started DonusChallengeApplication in 6.234 seconds (JVM running for 6.905)
00:29:10.900  INFO [main] b.c.d.DonusChallengeApplication:21 - DonusChallenge has completed startup
00:30:59.592  INFO [main] b.c.d.DonusChallengeApplication:55 - Starting DonusChallengeApplication on msilvadev with PID 18347 (/home/msilvadev/Documents/workspace/donus-code-challenge/target/classes started by msilvadev in /home/msilvadev/Documents/workspace/donus-code-challenge)
00:30:59.594  INFO [main] b.c.d.DonusChallengeApplication:655 - The following profiles are active: dev
00:31:02.575  WARN [main] o.s.b.a.o.j.JpaBaseConfiguration$JpaWebConfiguration:220 - spring.jpa.open-in-view is enabled by default. Therefore, database queries may be performed during view rendering. Explicitly configure spring.jpa.open-in-view to disable this warning
00:31:04.695  INFO [main] b.c.d.DonusChallengeApplication:61 - Started DonusChallengeApplication in 6.506 seconds (JVM running for 7.063)
00:31:04.729  INFO [main] b.c.d.DonusChallengeApplication:21 - DonusChallenge has completed startup
00:31:41.056  INFO [http-nio-8090-exec-1] b.c.d.controllers.AccountController:36 - Called AccountController method createAccount(Account{cpf='414.***.***-**', clientName='Test', accountBalance=100.00})
00:31:41.058  INFO [http-nio-8090-exec-1] b.c.d.usecases.AccountUseCase:54 - Called AccountUseCase method createAccount(Account{cpf='414.***.***-**', clientName='Test', accountBalance=100.00})
00:31:46.518  INFO [http-nio-8090-exec-3] b.c.d.controllers.AccountController:52 - Called AccountController method getAllAccounts()
00:31:46.520  INFO [http-nio-8090-exec-3] b.c.d.usecases.AccountUseCase:72 - Called AccountUseCase method getAccount({})
00:31:53.854  INFO [http-nio-8090-exec-5] b.c.d.controllers.AccountController:52 - Called AccountController method getAllAccounts()
00:31:53.854  INFO [http-nio-8090-exec-5] b.c.d.usecases.AccountUseCase:72 - Called AccountUseCase method getAccount({})
00:33:20.221  INFO [main] b.c.d.DonusChallengeApplication:55 - Starting DonusChallengeApplication on msilvadev with PID 18487 (/home/msilvadev/Documents/workspace/donus-code-challenge/target/classes started by msilvadev in /home/msilvadev/Documents/workspace/donus-code-challenge)
00:33:20.223  INFO [main] b.c.d.DonusChallengeApplication:655 - The following profiles are active: dev
00:33:23.398  WARN [main] o.s.b.a.o.j.JpaBaseConfiguration$JpaWebConfiguration:220 - spring.jpa.open-in-view is enabled by default. Therefore, database queries may be performed during view rendering. Explicitly configure spring.jpa.open-in-view to disable this warning
00:33:26.077  INFO [main] b.c.d.DonusChallengeApplication:61 - Started DonusChallengeApplication in 6.961 seconds (JVM running for 7.721)
00:33:26.125  INFO [main] b.c.d.DonusChallengeApplication:21 - DonusChallenge has completed startup
00:33:32.152  INFO [http-nio-8090-exec-2] b.c.d.controllers.AccountController:34 - Called AccountController method createAccount(Account{cpf='414.***.***-**', clientName='Test', accountBalance=100.00})
00:33:32.155  INFO [http-nio-8090-exec-2] b.c.d.usecases.AccountUseCase:54 - Called AccountUseCase method createAccount(Account{cpf='414.***.***-**', clientName='Test', accountBalance=100.00})
00:33:35.513  INFO [http-nio-8090-exec-3] b.c.d.controllers.AccountController:50 - Called AccountController method getAllAccounts()
00:33:35.514  INFO [http-nio-8090-exec-3] b.c.d.usecases.AccountUseCase:72 - Called AccountUseCase method getAccount({})
00:33:56.886  INFO [main] b.c.d.DonusChallengeApplication:55 - Starting DonusChallengeApplication on msilvadev with PID 18582 (/home/msilvadev/Documents/workspace/donus-code-challenge/target/classes started by msilvadev in /home/msilvadev/Documents/workspace/donus-code-challenge)
00:33:56.888  INFO [main] b.c.d.DonusChallengeApplication:655 - The following profiles are active: dev
00:34:00.027  WARN [main] o.s.b.a.o.j.JpaBaseConfiguration$JpaWebConfiguration:220 - spring.jpa.open-in-view is enabled by default. Therefore, database queries may be performed during view rendering. Explicitly configure spring.jpa.open-in-view to disable this warning
00:34:02.312  INFO [main] b.c.d.DonusChallengeApplication:61 - Started DonusChallengeApplication in 6.694 seconds (JVM running for 7.46)
00:34:02.354  INFO [main] b.c.d.DonusChallengeApplication:21 - DonusChallenge has completed startup
00:34:10.794  INFO [http-nio-8090-exec-2] b.c.d.controllers.AccountController:34 - Called AccountController method createAccount(Account{cpf='414.***.***-**', clientName='Test', accountBalance=100.00})
00:34:10.797  INFO [http-nio-8090-exec-2] b.c.d.usecases.AccountUseCase:54 - Called AccountUseCase method createAccount(Account{cpf='414.***.***-**', clientName='Test', accountBalance=100.00})
00:34:15.585  INFO [http-nio-8090-exec-4] b.c.d.controllers.AccountController:50 - Called AccountController method getAllAccounts()
00:34:15.585  INFO [http-nio-8090-exec-4] b.c.d.usecases.AccountUseCase:72 - Called AccountUseCase method getAccount({})
00:34:30.665  WARN [http-nio-8090-exec-5] o.s.web.servlet.PageNotFound:209 - Request method 'PUT' not supported
00:34:57.185  INFO [http-nio-8090-exec-3] b.c.d.controllers.AccountController:56 - Called AccountController method doDeposit(Deposit{cpf='4146057525', depositValue=100})
00:34:57.185  INFO [http-nio-8090-exec-3] b.c.d.usecases.AccountUseCase:27 - Called AccountUseCase method createAccount(Deposit{cpf='4146057525', depositValue=100})
00:34:57.185  INFO [http-nio-8090-exec-3] b.c.d.usecases.AccountUseCase:67 - Called AccountUseCase method getAccount(414.***.***-**)
00:35:11.562  INFO [http-nio-8090-exec-8] b.c.d.controllers.AccountController:50 - Called AccountController method getAllAccounts()
00:35:11.563  INFO [http-nio-8090-exec-8] b.c.d.usecases.AccountUseCase:72 - Called AccountUseCase method getAccount({})
00:35:14.202  INFO [http-nio-8090-exec-10] b.c.d.controllers.AccountController:50 - Called AccountController method getAllAccounts()
00:35:14.203  INFO [http-nio-8090-exec-10] b.c.d.usecases.AccountUseCase:72 - Called AccountUseCase method getAccount({})
00:35:54.590  INFO [http-nio-8090-exec-9] b.c.d.controllers.AccountController:56 - Called AccountController method doDeposit(Deposit{cpf='4146057525', depositValue=100})
00:35:54.591  INFO [http-nio-8090-exec-9] b.c.d.usecases.AccountUseCase:27 - Called AccountUseCase method createAccount(Deposit{cpf='4146057525', depositValue=100})
00:35:54.591  INFO [http-nio-8090-exec-9] b.c.d.usecases.AccountUseCase:67 - Called AccountUseCase method getAccount(414.***.***-**)
00:37:19.364  WARN [HikariPool-1 housekeeper] com.zaxxer.hikari.pool.HikariPool:787 - HikariPool-1 - Thread starvation or clock leap detected (housekeeper delta=1m7s176ms746µs532ns).
00:37:47.948  INFO [main] b.c.d.DonusChallengeApplication:55 - Starting DonusChallengeApplication on msilvadev with PID 18790 (/home/msilvadev/Documents/workspace/donus-code-challenge/target/classes started by msilvadev in /home/msilvadev/Documents/workspace/donus-code-challenge)
00:37:47.953  INFO [main] b.c.d.DonusChallengeApplication:655 - The following profiles are active: dev
00:37:50.760  WARN [main] o.s.b.a.o.j.JpaBaseConfiguration$JpaWebConfiguration:220 - spring.jpa.open-in-view is enabled by default. Therefore, database queries may be performed during view rendering. Explicitly configure spring.jpa.open-in-view to disable this warning
00:37:53.176  INFO [main] b.c.d.DonusChallengeApplication:61 - Started DonusChallengeApplication in 6.421 seconds (JVM running for 7.309)
00:37:53.221  INFO [main] b.c.d.DonusChallengeApplication:21 - DonusChallenge has completed startup
00:38:05.183  INFO [http-nio-8090-exec-2] b.c.d.controllers.AccountController:34 - Called AccountController method createAccount(Account{cpf='414.***.***-**', clientName='Test', accountBalance=100.00})
00:38:05.187  INFO [http-nio-8090-exec-2] b.c.d.usecases.AccountUseCase:54 - Called AccountUseCase method createAccount(Account{cpf='414.***.***-**', clientName='Test', accountBalance=100.00})
00:38:07.925  INFO [http-nio-8090-exec-3] b.c.d.controllers.AccountController:56 - Called AccountController method doDeposit(Deposit{cpf='4146057525', depositValue=100})
00:38:07.925  INFO [http-nio-8090-exec-3] b.c.d.usecases.AccountUseCase:27 - Called AccountUseCase method createAccount(Deposit{cpf='4146057525', depositValue=100})
00:38:07.926  INFO [http-nio-8090-exec-3] b.c.d.usecases.AccountUseCase:67 - Called AccountUseCase method getAccount(414.***.***-**)
00:38:38.788  WARN [HikariPool-1 housekeeper] com.zaxxer.hikari.pool.HikariPool:787 - HikariPool-1 - Thread starvation or clock leap detected (housekeeper delta=48s308ms867µs954ns).
00:38:51.249  INFO [http-nio-8090-exec-4] b.c.d.controllers.AccountController:50 - Called AccountController method getAllAccounts()
00:38:51.250  INFO [http-nio-8090-exec-4] b.c.d.usecases.AccountUseCase:72 - Called AccountUseCase method getAccount({})
00:39:15.765  INFO [main] b.c.d.DonusChallengeApplication:55 - Starting DonusChallengeApplication on msilvadev with PID 18908 (/home/msilvadev/Documents/workspace/donus-code-challenge/target/classes started by msilvadev in /home/msilvadev/Documents/workspace/donus-code-challenge)
00:39:15.767  INFO [main] b.c.d.DonusChallengeApplication:655 - The following profiles are active: dev
00:39:18.354  WARN [main] o.s.b.a.o.j.JpaBaseConfiguration$JpaWebConfiguration:220 - spring.jpa.open-in-view is enabled by default. Therefore, database queries may be performed during view rendering. Explicitly configure spring.jpa.open-in-view to disable this warning
00:39:20.198  INFO [main] b.c.d.DonusChallengeApplication:61 - Started DonusChallengeApplication in 5.41 seconds (JVM running for 5.948)
00:39:20.232  INFO [main] b.c.d.DonusChallengeApplication:21 - DonusChallenge has completed startup
00:39:28.833  INFO [http-nio-8090-exec-2] b.c.d.controllers.AccountController:34 - Called AccountController method createAccount(Account{cpf='414.***.***-**', clientName='Test', accountBalance=100.00})
00:39:28.836  INFO [http-nio-8090-exec-2] b.c.d.usecases.AccountUseCase:54 - Called AccountUseCase method createAccount(Account{cpf='414.***.***-**', clientName='Test', accountBalance=100.00})
00:39:31.084  INFO [http-nio-8090-exec-3] b.c.d.controllers.AccountController:56 - Called AccountController method doDeposit(Deposit{cpf='4146057525', depositValue=100})
00:39:31.085  INFO [http-nio-8090-exec-3] b.c.d.usecases.AccountUseCase:27 - Called AccountUseCase method createAccount(Deposit{cpf='4146057525', depositValue=100})
00:39:31.085  INFO [http-nio-8090-exec-3] b.c.d.usecases.AccountUseCase:67 - Called AccountUseCase method getAccount(414.***.***-**)
00:39:35.549  INFO [http-nio-8090-exec-4] b.c.d.controllers.AccountController:50 - Called AccountController method getAllAccounts()
00:39:35.549  INFO [http-nio-8090-exec-4] b.c.d.usecases.AccountUseCase:72 - Called AccountUseCase method getAccount({})
00:39:45.841  INFO [http-nio-8090-exec-5] b.c.d.controllers.AccountController:56 - Called AccountController method doDeposit(Deposit{cpf='4147525', depositValue=100})
00:39:45.841  INFO [http-nio-8090-exec-5] b.c.d.usecases.AccountUseCase:27 - Called AccountUseCase method createAccount(Deposit{cpf='4147525', depositValue=100})
00:39:45.841  INFO [http-nio-8090-exec-5] b.c.d.usecases.AccountUseCase:67 - Called AccountUseCase method getAccount(414.***.***-**)
00:39:45.843 ERROR [http-nio-8090-exec-5] b.c.d.usecases.AccountUseCase:36 - AccountNotExistException: 
00:41:55.501  INFO [main] b.c.d.DonusChallengeApplication:55 - Starting DonusChallengeApplication on msilvadev with PID 19076 (/home/msilvadev/Documents/workspace/donus-code-challenge/target/classes started by msilvadev in /home/msilvadev/Documents/workspace/donus-code-challenge)
00:41:55.503  INFO [main] b.c.d.DonusChallengeApplication:655 - The following profiles are active: dev
00:41:58.322  WARN [main] o.s.b.a.o.j.JpaBaseConfiguration$JpaWebConfiguration:220 - spring.jpa.open-in-view is enabled by default. Therefore, database queries may be performed during view rendering. Explicitly configure spring.jpa.open-in-view to disable this warning
00:42:00.137  INFO [main] b.c.d.DonusChallengeApplication:61 - Started DonusChallengeApplication in 5.479 seconds (JVM running for 6.134)
00:42:00.171  INFO [main] b.c.d.DonusChallengeApplication:21 - DonusChallenge has completed startup
00:42:12.456  INFO [http-nio-8090-exec-2] b.c.d.controllers.AccountController:56 - Called AccountController method doDeposit(Deposit{cpf='null', depositValue=100})
00:42:12.458  INFO [http-nio-8090-exec-2] b.c.d.usecases.AccountUseCase:27 - Called AccountUseCase method createAccount(Deposit{cpf='null', depositValue=100})
00:42:12.459  INFO [http-nio-8090-exec-2] b.c.d.usecases.AccountUseCase:67 - Called AccountUseCase method getAccount()
00:42:12.492 ERROR [http-nio-8090-exec-2] o.a.c.c.C.[.[.[.[dispatcherServlet]:175 - Servlet.service() for servlet [dispatcherServlet] in context with path [] threw exception [Request processing failed; nested exception is org.springframework.dao.InvalidDataAccessApiUsageException: The given id must not be null!; nested exception is java.lang.IllegalArgumentException: The given id must not be null!] with root cause
java.lang.IllegalArgumentException: The given id must not be null!
	at org.springframework.util.Assert.notNull(Assert.java:201)
	at org.springframework.data.jpa.repository.support.SimpleJpaRepository.findById(SimpleJpaRepository.java:269)
	at sun.reflect.NativeMethodAccessorImpl.invoke0(Native Method)
	at sun.reflect.NativeMethodAccessorImpl.invoke(NativeMethodAccessorImpl.java:62)
	at sun.reflect.DelegatingMethodAccessorImpl.invoke(DelegatingMethodAccessorImpl.java:43)
	at java.lang.reflect.Method.invoke(Method.java:498)
	at org.springframework.data.repository.core.support.ImplementationInvocationMetadata.invoke(ImplementationInvocationMetadata.java:72)
	at org.springframework.data.repository.core.support.RepositoryComposition$RepositoryFragments.invoke(RepositoryComposition.java:382)
	at org.springframework.data.repository.core.support.RepositoryComposition.invoke(RepositoryComposition.java:205)
	at org.springframework.data.repository.core.support.RepositoryFactorySupport$ImplementationMethodExecutionInterceptor.invoke(RepositoryFactorySupport.java:549)
	at org.springframework.aop.framework.ReflectiveMethodInvocation.proceed(ReflectiveMethodInvocation.java:186)
	at org.springframework.data.repository.core.support.QueryExecutorMethodInterceptor.doInvoke(QueryExecutorMethodInterceptor.java:155)
	at org.springframework.data.repository.core.support.QueryExecutorMethodInterceptor.invoke(QueryExecutorMethodInterceptor.java:130)
	at org.springframework.aop.framework.ReflectiveMethodInvocation.proceed(ReflectiveMethodInvocation.java:186)
	at org.springframework.transaction.interceptor.TransactionAspectSupport.invokeWithinTransaction(TransactionAspectSupport.java:367)
	at org.springframework.transaction.interceptor.TransactionInterceptor.invoke(TransactionInterceptor.java:118)
	at org.springframework.aop.framework.ReflectiveMethodInvocation.proceed(ReflectiveMethodInvocation.java:186)
	at org.springframework.dao.support.PersistenceExceptionTranslationInterceptor.invoke(PersistenceExceptionTranslationInterceptor.java:139)
	at org.springframework.aop.framework.ReflectiveMethodInvocation.proceed(ReflectiveMethodInvocation.java:186)
	at org.springframework.data.jpa.repository.support.CrudMethodMetadataPostProcessor$CrudMethodMetadataPopulatingMethodInterceptor.invoke(CrudMethodMetadataPostProcessor.java:178)
	at org.springframework.aop.framework.ReflectiveMethodInvocation.proceed(ReflectiveMethodInvocation.java:186)
	at org.springframework.aop.interceptor.ExposeInvocationInterceptor.invoke(ExposeInvocationInterceptor.java:95)
	at org.springframework.aop.framework.ReflectiveMethodInvocation.proceed(ReflectiveMethodInvocation.java:186)
	at org.springframework.aop.framework.JdkDynamicAopProxy.invoke(JdkDynamicAopProxy.java:212)
	at com.sun.proxy.$Proxy122.findById(Unknown Source)
	at sun.reflect.NativeMethodAccessorImpl.invoke0(Native Method)
	at sun.reflect.NativeMethodAccessorImpl.invoke(NativeMethodAccessorImpl.java:62)
	at sun.reflect.DelegatingMethodAccessorImpl.invoke(DelegatingMethodAccessorImpl.java:43)
	at java.lang.reflect.Method.invoke(Method.java:498)
	at org.springframework.aop.support.AopUtils.invokeJoinpointUsingReflection(AopUtils.java:344)
	at org.springframework.aop.framework.JdkDynamicAopProxy.invoke(JdkDynamicAopProxy.java:205)
	at com.sun.proxy.$Proxy88.findById(Unknown Source)
	at br.com.donuscodechallenge.usecases.AccountUseCase.getAccount(AccountUseCase.java:68)
	at br.com.donuscodechallenge.usecases.AccountUseCase.doDeposit(AccountUseCase.java:29)
	at br.com.donuscodechallenge.controllers.AccountController.doDeposit(AccountController.java:57)
	at sun.reflect.NativeMethodAccessorImpl.invoke0(Native Method)
	at sun.reflect.NativeMethodAccessorImpl.invoke(NativeMethodAccessorImpl.java:62)
	at sun.reflect.DelegatingMethodAccessorImpl.invoke(DelegatingMethodAccessorImpl.java:43)
	at java.lang.reflect.Method.invoke(Method.java:498)
	at org.springframework.web.method.support.InvocableHandlerMethod.doInvoke(InvocableHandlerMethod.java:190)
	at org.springframework.web.method.support.InvocableHandlerMethod.invokeForRequest(InvocableHandlerMethod.java:138)
	at org.springframework.web.servlet.mvc.method.annotation.ServletInvocableHandlerMethod.invokeAndHandle(ServletInvocableHandlerMethod.java:105)
	at org.springframework.web.servlet.mvc.method.annotation.RequestMappingHandlerAdapter.invokeHandlerMethod(RequestMappingHandlerAdapter.java:878)
	at org.springframework.web.servlet.mvc.method.annotation.RequestMappingHandlerAdapter.handleInternal(RequestMappingHandlerAdapter.java:792)
	at org.springframework.web.servlet.mvc.method.AbstractHandlerMethodAdapter.handle(AbstractHandlerMethodAdapter.java:87)
	at org.springframework.web.servlet.DispatcherServlet.doDispatch(DispatcherServlet.java:1040)
	at org.springframework.web.servlet.DispatcherServlet.doService(DispatcherServlet.java:943)
	at org.springframework.web.servlet.FrameworkServlet.processRequest(FrameworkServlet.java:1006)
	at org.springframework.web.servlet.FrameworkServlet.doPut(FrameworkServlet.java:920)
	at javax.servlet.http.HttpServlet.service(HttpServlet.java:655)
	at org.springframework.web.servlet.FrameworkServlet.service(FrameworkServlet.java:883)
	at javax.servlet.http.HttpServlet.service(HttpServlet.java:733)
	at org.apache.catalina.core.ApplicationFilterChain.internalDoFilter(ApplicationFilterChain.java:231)
	at org.apache.catalina.core.ApplicationFilterChain.doFilter(ApplicationFilterChain.java:166)
	at org.apache.tomcat.websocket.server.WsFilter.doFilter(WsFilter.java:53)
	at org.apache.catalina.core.ApplicationFilterChain.internalDoFilter(ApplicationFilterChain.java:193)
	at org.apache.catalina.core.ApplicationFilterChain.doFilter(ApplicationFilterChain.java:166)
	at org.springframework.web.filter.RequestContextFilter.doFilterInternal(RequestContextFilter.java:100)
	at org.springframework.web.filter.OncePerRequestFilter.doFilter(OncePerRequestFilter.java:119)
	at org.apache.catalina.core.ApplicationFilterChain.internalDoFilter(ApplicationFilterChain.java:193)
	at org.apache.catalina.core.ApplicationFilterChain.doFilter(ApplicationFilterChain.java:166)
	at org.springframework.web.filter.FormContentFilter.doFilterInternal(FormContentFilter.java:93)
	at org.springframework.web.filter.OncePerRequestFilter.doFilter(OncePerRequestFilter.java:119)
	at org.apache.catalina.core.ApplicationFilterChain.internalDoFilter(ApplicationFilterChain.java:193)
	at org.apache.catalina.core.ApplicationFilterChain.doFilter(ApplicationFilterChain.java:166)
	at org.springframework.boot.actuate.metrics.web.servlet.WebMvcMetricsFilter.doFilterInternal(WebMvcMetricsFilter.java:93)
	at org.springframework.web.filter.OncePerRequestFilter.doFilter(OncePerRequestFilter.java:119)
	at org.apache.catalina.core.ApplicationFilterChain.internalDoFilter(ApplicationFilterChain.java:193)
	at org.apache.catalina.core.ApplicationFilterChain.doFilter(ApplicationFilterChain.java:166)
	at org.springframework.web.filter.CharacterEncodingFilter.doFilterInternal(CharacterEncodingFilter.java:201)
	at org.springframework.web.filter.OncePerRequestFilter.doFilter(OncePerRequestFilter.java:119)
	at org.apache.catalina.core.ApplicationFilterChain.internalDoFilter(ApplicationFilterChain.java:193)
	at org.apache.catalina.core.ApplicationFilterChain.doFilter(ApplicationFilterChain.java:166)
	at org.apache.catalina.core.StandardWrapperValve.invoke(StandardWrapperValve.java:202)
	at org.apache.catalina.core.StandardContextValve.invoke(StandardContextValve.java:96)
	at org.apache.catalina.authenticator.AuthenticatorBase.invoke(AuthenticatorBase.java:541)
	at org.apache.catalina.core.StandardHostValve.invoke(StandardHostValve.java:139)
	at org.apache.catalina.valves.ErrorReportValve.invoke(ErrorReportValve.java:92)
	at org.apache.catalina.core.StandardEngineValve.invoke(StandardEngineValve.java:74)
	at org.apache.catalina.connector.CoyoteAdapter.service(CoyoteAdapter.java:343)
	at org.apache.coyote.http11.Http11Processor.service(Http11Processor.java:373)
	at org.apache.coyote.AbstractProcessorLight.process(AbstractProcessorLight.java:65)
	at org.apache.coyote.AbstractProtocol$ConnectionHandler.process(AbstractProtocol.java:868)
	at org.apache.tomcat.util.net.NioEndpoint$SocketProcessor.doRun(NioEndpoint.java:1589)
	at org.apache.tomcat.util.net.SocketProcessorBase.run(SocketProcessorBase.java:49)
	at java.util.concurrent.ThreadPoolExecutor.runWorker(ThreadPoolExecutor.java:1149)
	at java.util.concurrent.ThreadPoolExecutor$Worker.run(ThreadPoolExecutor.java:624)
	at org.apache.tomcat.util.threads.TaskThread$WrappingRunnable.run(TaskThread.java:61)
	at java.lang.Thread.run(Thread.java:748)
00:46:07.196  INFO [main] b.c.d.DonusChallengeApplication:55 - Starting DonusChallengeApplication on msilvadev with PID 19329 (/home/msilvadev/Documents/workspace/donus-code-challenge/target/classes started by msilvadev in /home/msilvadev/Documents/workspace/donus-code-challenge)
00:46:07.199  INFO [main] b.c.d.DonusChallengeApplication:655 - The following profiles are active: dev
00:46:10.426  WARN [main] o.s.b.a.o.j.JpaBaseConfiguration$JpaWebConfiguration:220 - spring.jpa.open-in-view is enabled by default. Therefore, database queries may be performed during view rendering. Explicitly configure spring.jpa.open-in-view to disable this warning
00:46:12.299  INFO [main] b.c.d.DonusChallengeApplication:61 - Started DonusChallengeApplication in 5.938 seconds (JVM running for 6.504)
00:46:12.339  INFO [main] b.c.d.DonusChallengeApplication:21 - DonusChallenge has completed startup
00:46:31.914  INFO [http-nio-8090-exec-2] b.c.d.controllers.AccountController:34 - Called AccountController method createAccount(Account{cpf='414.***.***-**', clientName='Test', accountBalance=100.00})
00:46:31.921  INFO [http-nio-8090-exec-2] b.c.d.usecases.AccountUseCase:53 - Called AccountUseCase method createAccount(Account{cpf='414.***.***-**', clientName='Test', accountBalance=100.00})
00:46:35.076  INFO [http-nio-8090-exec-3] b.c.d.controllers.AccountController:56 - Called AccountController method doDeposit(Deposit{cpf='4146057525', depositValue=100})
00:46:35.078  INFO [http-nio-8090-exec-3] b.c.d.usecases.AccountUseCase:26 - Called AccountUseCase method createAccount(Deposit{cpf='4146057525', depositValue=100})
00:46:35.084  INFO [http-nio-8090-exec-3] b.c.d.usecases.AccountUseCase:66 - Called AccountUseCase method getAccount(414.***.***-**)
00:47:19.531  INFO [main] b.c.d.DonusChallengeApplication:55 - Starting DonusChallengeApplication on msilvadev with PID 19463 (/home/msilvadev/Documents/workspace/donus-code-challenge/target/classes started by msilvadev in /home/msilvadev/Documents/workspace/donus-code-challenge)
00:47:19.603  INFO [main] b.c.d.DonusChallengeApplication:655 - The following profiles are active: dev
00:47:22.365  WARN [main] o.s.b.a.o.j.JpaBaseConfiguration$JpaWebConfiguration:220 - spring.jpa.open-in-view is enabled by default. Therefore, database queries may be performed during view rendering. Explicitly configure spring.jpa.open-in-view to disable this warning
00:47:24.506  INFO [main] b.c.d.DonusChallengeApplication:61 - Started DonusChallengeApplication in 5.876 seconds (JVM running for 6.409)
00:47:24.544  INFO [main] b.c.d.DonusChallengeApplication:21 - DonusChallenge has completed startup
00:47:27.502  INFO [http-nio-8090-exec-2] b.c.d.controllers.AccountController:34 - Called AccountController method createAccount(Account{cpf='414.***.***-**', clientName='Test', accountBalance=100.00})
00:47:27.504  INFO [http-nio-8090-exec-2] b.c.d.usecases.AccountUseCase:53 - Called AccountUseCase method createAccount(Account{cpf='414.***.***-**', clientName='Test', accountBalance=100.00})
00:47:38.702  INFO [http-nio-8090-exec-3] b.c.d.controllers.AccountController:56 - Called AccountController method doDeposit(Deposit{cpf='4146057525', depositValue=100})
00:47:38.702  INFO [http-nio-8090-exec-3] b.c.d.usecases.AccountUseCase:26 - Called AccountUseCase method createAccount(Deposit{cpf='4146057525', depositValue=100})
00:47:38.703  INFO [http-nio-8090-exec-3] b.c.d.usecases.AccountUseCase:66 - Called AccountUseCase method getAccount(414.***.***-**)
00:47:40.402  INFO [http-nio-8090-exec-4] b.c.d.controllers.AccountController:56 - Called AccountController method doDeposit(Deposit{cpf='4146057525', depositValue=100})
00:47:40.402  INFO [http-nio-8090-exec-4] b.c.d.usecases.AccountUseCase:26 - Called AccountUseCase method createAccount(Deposit{cpf='4146057525', depositValue=100})
00:47:40.402  INFO [http-nio-8090-exec-4] b.c.d.usecases.AccountUseCase:66 - Called AccountUseCase method getAccount(414.***.***-**)
00:47:41.798  INFO [http-nio-8090-exec-5] b.c.d.controllers.AccountController:56 - Called AccountController method doDeposit(Deposit{cpf='4146057525', depositValue=100})
00:47:41.799  INFO [http-nio-8090-exec-5] b.c.d.usecases.AccountUseCase:26 - Called AccountUseCase method createAccount(Deposit{cpf='4146057525', depositValue=100})
00:47:41.800  INFO [http-nio-8090-exec-5] b.c.d.usecases.AccountUseCase:66 - Called AccountUseCase method getAccount(414.***.***-**)
00:47:46.072  INFO [http-nio-8090-exec-6] b.c.d.controllers.AccountController:50 - Called AccountController method getAllAccounts()
00:47:46.073  INFO [http-nio-8090-exec-6] b.c.d.usecases.AccountUseCase:71 - Called AccountUseCase method getAccount({})
00:49:15.822  INFO [main] b.c.d.DonusChallengeApplication:55 - Starting DonusChallengeApplication on msilvadev with PID 19593 (/home/msilvadev/Documents/workspace/donus-code-challenge/target/classes started by msilvadev in /home/msilvadev/Documents/workspace/donus-code-challenge)
00:49:15.824  INFO [main] b.c.d.DonusChallengeApplication:655 - The following profiles are active: dev
00:49:18.656  WARN [main] o.s.b.a.o.j.JpaBaseConfiguration$JpaWebConfiguration:220 - spring.jpa.open-in-view is enabled by default. Therefore, database queries may be performed during view rendering. Explicitly configure spring.jpa.open-in-view to disable this warning
00:49:21.367  INFO [main] b.c.d.DonusChallengeApplication:61 - Started DonusChallengeApplication in 6.758 seconds (JVM running for 7.543)
00:49:21.411  INFO [main] b.c.d.DonusChallengeApplication:21 - DonusChallenge has completed startup
00:49:40.731  INFO [http-nio-8090-exec-2] b.c.d.controllers.AccountController:34 - Called AccountController method createAccount(Account{cpf='414.***.***-**', clientName='Test', accountBalance=100.00})
00:49:40.733  INFO [http-nio-8090-exec-2] b.c.d.usecases.AccountUseCase:53 - Called AccountUseCase method createAccount(Account{cpf='414.***.***-**', clientName='Test', accountBalance=100.00})
00:50:36.574  WARN [HikariPool-1 housekeeper] com.zaxxer.hikari.pool.HikariPool:787 - HikariPool-1 - Thread starvation or clock leap detected (housekeeper delta=1m18s121ms42µs525ns).
